mode: set
letsgo.net/snippetbox/pkg/models/mysql/snippets.go:16.76,21.16 3 0
letsgo.net/snippetbox/pkg/models/mysql/snippets.go:25.2,26.16 2 0
letsgo.net/snippetbox/pkg/models/mysql/snippets.go:30.2,30.21 1 0
letsgo.net/snippetbox/pkg/models/mysql/snippets.go:21.16,23.3 1 0
letsgo.net/snippetbox/pkg/models/mysql/snippets.go:26.16,28.3 1 0
letsgo.net/snippetbox/pkg/models/mysql/snippets.go:34.61,44.16 3 0
letsgo.net/snippetbox/pkg/models/mysql/snippets.go:51.2,51.15 1 0
letsgo.net/snippetbox/pkg/models/mysql/snippets.go:44.16,45.36 1 0
letsgo.net/snippetbox/pkg/models/mysql/snippets.go:48.3,48.18 1 0
letsgo.net/snippetbox/pkg/models/mysql/snippets.go:45.36,47.4 1 0
letsgo.net/snippetbox/pkg/models/mysql/snippets.go:55.60,60.16 3 0
letsgo.net/snippetbox/pkg/models/mysql/snippets.go:64.2,68.18 3 0
letsgo.net/snippetbox/pkg/models/mysql/snippets.go:79.2,79.34 1 0
letsgo.net/snippetbox/pkg/models/mysql/snippets.go:83.2,83.22 1 0
letsgo.net/snippetbox/pkg/models/mysql/snippets.go:60.16,62.3 1 0
letsgo.net/snippetbox/pkg/models/mysql/snippets.go:68.18,72.17 3 0
letsgo.net/snippetbox/pkg/models/mysql/snippets.go:76.3,76.33 1 0
letsgo.net/snippetbox/pkg/models/mysql/snippets.go:72.17,74.4 1 0
letsgo.net/snippetbox/pkg/models/mysql/snippets.go:79.34,81.3 1 0
letsgo.net/snippetbox/pkg/models/mysql/users.go:20.64,22.16 2 0
letsgo.net/snippetbox/pkg/models/mysql/users.go:25.2,29.16 3 0
letsgo.net/snippetbox/pkg/models/mysql/users.go:38.2,38.12 1 0
letsgo.net/snippetbox/pkg/models/mysql/users.go:22.16,24.3 1 0
letsgo.net/snippetbox/pkg/models/mysql/users.go:29.16,31.34 2 0
letsgo.net/snippetbox/pkg/models/mysql/users.go:36.3,36.13 1 0
letsgo.net/snippetbox/pkg/models/mysql/users.go:31.34,32.91 1 0
letsgo.net/snippetbox/pkg/models/mysql/users.go:32.91,34.5 1 0
letsgo.net/snippetbox/pkg/models/mysql/users.go:42.71,48.16 6 0
letsgo.net/snippetbox/pkg/models/mysql/users.go:56.2,57.16 2 0
letsgo.net/snippetbox/pkg/models/mysql/users.go:63.2,63.16 1 0
letsgo.net/snippetbox/pkg/models/mysql/users.go:48.16,49.36 1 0
letsgo.net/snippetbox/pkg/models/mysql/users.go:52.3,52.16 1 0
letsgo.net/snippetbox/pkg/models/mysql/users.go:49.36,51.4 1 0
letsgo.net/snippetbox/pkg/models/mysql/users.go:57.16,58.58 1 0
letsgo.net/snippetbox/pkg/models/mysql/users.go:61.3,61.16 1 0
letsgo.net/snippetbox/pkg/models/mysql/users.go:58.58,60.4 1 0
letsgo.net/snippetbox/pkg/models/mysql/users.go:67.55,72.16 4 1
letsgo.net/snippetbox/pkg/models/mysql/users.go:78.2,78.15 1 1
letsgo.net/snippetbox/pkg/models/mysql/users.go:72.16,73.36 1 1
letsgo.net/snippetbox/pkg/models/mysql/users.go:76.3,76.18 1 0
letsgo.net/snippetbox/pkg/models/mysql/users.go:73.36,75.4 1 1
letsgo.net/snippetbox/cmd/web/handlers.go:13.70,15.16 2 0
letsgo.net/snippetbox/cmd/web/handlers.go:20.2,22.4 1 0
letsgo.net/snippetbox/cmd/web/handlers.go:15.16,18.3 2 0
letsgo.net/snippetbox/cmd/web/handlers.go:25.77,27.26 2 1
letsgo.net/snippetbox/cmd/web/handlers.go:32.2,33.16 2 1
letsgo.net/snippetbox/cmd/web/handlers.go:42.2,44.4 1 1
letsgo.net/snippetbox/cmd/web/handlers.go:27.26,30.3 2 1
letsgo.net/snippetbox/cmd/web/handlers.go:33.16,34.41 1 1
letsgo.net/snippetbox/cmd/web/handlers.go:39.3,39.9 1 1
letsgo.net/snippetbox/cmd/web/handlers.go:34.41,36.4 1 1
letsgo.net/snippetbox/cmd/web/handlers.go:36.9,38.4 1 0
letsgo.net/snippetbox/cmd/web/handlers.go:47.83,51.2 1 0
letsgo.net/snippetbox/cmd/web/handlers.go:53.79,55.16 2 0
letsgo.net/snippetbox/cmd/web/handlers.go:60.2,65.19 5 0
letsgo.net/snippetbox/cmd/web/handlers.go:70.2,71.16 2 0
letsgo.net/snippetbox/cmd/web/handlers.go:76.2,78.74 2 0
letsgo.net/snippetbox/cmd/web/handlers.go:55.16,58.3 2 0
letsgo.net/snippetbox/cmd/web/handlers.go:65.19,68.3 2 0
letsgo.net/snippetbox/cmd/web/handlers.go:71.16,74.3 2 0
letsgo.net/snippetbox/cmd/web/handlers.go:81.80,85.2 1 1
letsgo.net/snippetbox/cmd/web/handlers.go:87.76,90.16 2 1
letsgo.net/snippetbox/cmd/web/handlers.go:95.2,102.19 7 1
letsgo.net/snippetbox/cmd/web/handlers.go:107.2,108.16 2 1
letsgo.net/snippetbox/cmd/web/handlers.go:118.2,120.57 2 1
letsgo.net/snippetbox/cmd/web/handlers.go:90.16,93.3 2 0
letsgo.net/snippetbox/cmd/web/handlers.go:102.19,105.3 2 1
letsgo.net/snippetbox/cmd/web/handlers.go:108.16,109.47 1 1
letsgo.net/snippetbox/cmd/web/handlers.go:115.3,115.9 1 1
letsgo.net/snippetbox/cmd/web/handlers.go:109.47,112.4 2 1
letsgo.net/snippetbox/cmd/web/handlers.go:112.9,114.4 1 0
letsgo.net/snippetbox/cmd/web/handlers.go:123.79,127.2 1 0
letsgo.net/snippetbox/cmd/web/handlers.go:129.75,131.16 2 0
letsgo.net/snippetbox/cmd/web/handlers.go:136.2,138.16 3 0
letsgo.net/snippetbox/cmd/web/handlers.go:148.2,149.61 2 0
letsgo.net/snippetbox/cmd/web/handlers.go:131.16,134.3 2 0
letsgo.net/snippetbox/cmd/web/handlers.go:138.16,139.51 1 0
letsgo.net/snippetbox/cmd/web/handlers.go:145.3,145.9 1 0
letsgo.net/snippetbox/cmd/web/handlers.go:139.51,142.4 2 0
letsgo.net/snippetbox/cmd/web/handlers.go:142.9,144.4 1 0
letsgo.net/snippetbox/cmd/web/handlers.go:152.76,157.2 3 0
letsgo.net/snippetbox/cmd/web/handlers.go:159.51,161.2 1 1
letsgo.net/snippetbox/cmd/web/helpers.go:13.71,17.2 3 0
letsgo.net/snippetbox/cmd/web/helpers.go:19.72,21.2 1 1
letsgo.net/snippetbox/cmd/web/helpers.go:23.57,25.2 1 1
letsgo.net/snippetbox/cmd/web/helpers.go:27.89,28.15 1 1
letsgo.net/snippetbox/cmd/web/helpers.go:32.2,36.11 5 1
letsgo.net/snippetbox/cmd/web/helpers.go:28.15,30.3 1 0
letsgo.net/snippetbox/cmd/web/helpers.go:39.103,42.9 2 1
letsgo.net/snippetbox/cmd/web/helpers.go:48.2,54.16 3 1
letsgo.net/snippetbox/cmd/web/helpers.go:62.2,62.16 1 1
letsgo.net/snippetbox/cmd/web/helpers.go:42.9,45.3 2 0
letsgo.net/snippetbox/cmd/web/helpers.go:54.16,57.3 2 0
letsgo.net/snippetbox/cmd/web/helpers.go:65.63,67.9 2 1
letsgo.net/snippetbox/cmd/web/helpers.go:70.2,70.24 1 0
letsgo.net/snippetbox/cmd/web/helpers.go:67.9,69.3 1 1
letsgo.net/snippetbox/cmd/web/main.go:43.13,53.16 8 0
letsgo.net/snippetbox/cmd/web/main.go:56.2,59.16 3 0
letsgo.net/snippetbox/cmd/web/main.go:63.2,95.21 9 0
letsgo.net/snippetbox/cmd/web/main.go:53.16,55.3 1 0
letsgo.net/snippetbox/cmd/web/main.go:59.16,61.3 1 0
letsgo.net/snippetbox/cmd/web/main.go:98.42,100.16 2 0
letsgo.net/snippetbox/cmd/web/main.go:104.2,104.33 1 0
letsgo.net/snippetbox/cmd/web/main.go:108.2,108.16 1 0
letsgo.net/snippetbox/cmd/web/main.go:100.16,102.3 1 0
letsgo.net/snippetbox/cmd/web/main.go:104.33,106.3 1 0
letsgo.net/snippetbox/cmd/web/main.go:115.68,117.16 2 0
letsgo.net/snippetbox/cmd/web/main.go:122.2,123.16 2 0
letsgo.net/snippetbox/cmd/web/main.go:126.2,127.15 2 0
letsgo.net/snippetbox/cmd/web/main.go:138.2,138.22 1 0
letsgo.net/snippetbox/cmd/web/main.go:117.16,120.3 2 0
letsgo.net/snippetbox/cmd/web/main.go:123.16,125.3 1 0
letsgo.net/snippetbox/cmd/web/main.go:127.15,129.47 2 0
letsgo.net/snippetbox/cmd/web/main.go:129.47,131.23 2 0
letsgo.net/snippetbox/cmd/web/main.go:134.4,134.19 1 0
letsgo.net/snippetbox/cmd/web/main.go:131.23,133.5 1 0
letsgo.net/snippetbox/cmd/web/middleware.go:15.52,16.71 1 1
letsgo.net/snippetbox/cmd/web/middleware.go:16.71,22.3 3 1
letsgo.net/snippetbox/cmd/web/middleware.go:27.68,28.71 1 1
letsgo.net/snippetbox/cmd/web/middleware.go:28.71,31.3 2 1
letsgo.net/snippetbox/cmd/web/middleware.go:34.70,35.71 1 1
letsgo.net/snippetbox/cmd/web/middleware.go:35.71,38.16 1 1
letsgo.net/snippetbox/cmd/web/middleware.go:49.3,49.23 1 1
letsgo.net/snippetbox/cmd/web/middleware.go:38.16,41.36 1 1
letsgo.net/snippetbox/cmd/web/middleware.go:41.36,47.5 2 0
letsgo.net/snippetbox/cmd/web/middleware.go:53.79,54.71 1 1
letsgo.net/snippetbox/cmd/web/middleware.go:54.71,56.30 1 0
letsgo.net/snippetbox/cmd/web/middleware.go:61.3,63.23 2 0
letsgo.net/snippetbox/cmd/web/middleware.go:56.30,59.4 2 0
letsgo.net/snippetbox/cmd/web/middleware.go:67.45,75.2 3 1
letsgo.net/snippetbox/cmd/web/middleware.go:77.70,78.71 1 1
letsgo.net/snippetbox/cmd/web/middleware.go:78.71,81.14 2 1
letsgo.net/snippetbox/cmd/web/middleware.go:86.3,87.57 2 0
letsgo.net/snippetbox/cmd/web/middleware.go:96.3,97.40 2 0
letsgo.net/snippetbox/cmd/web/middleware.go:81.14,84.4 2 1
letsgo.net/snippetbox/cmd/web/middleware.go:87.57,91.4 3 0
letsgo.net/snippetbox/cmd/web/middleware.go:91.9,91.24 1 0
letsgo.net/snippetbox/cmd/web/middleware.go:91.24,94.4 2 0
letsgo.net/snippetbox/cmd/web/routes.go:10.47,32.2 16 1
letsgo.net/snippetbox/cmd/web/templates.go:24.36,26.16 1 1
letsgo.net/snippetbox/cmd/web/templates.go:30.2,30.47 1 1
letsgo.net/snippetbox/cmd/web/templates.go:26.16,28.3 1 1
letsgo.net/snippetbox/cmd/web/templates.go:40.74,45.16 3 1
letsgo.net/snippetbox/cmd/web/templates.go:49.2,49.29 1 1
letsgo.net/snippetbox/cmd/web/templates.go:68.2,68.19 1 1
letsgo.net/snippetbox/cmd/web/templates.go:45.16,47.3 1 0
letsgo.net/snippetbox/cmd/web/templates.go:49.29,53.17 3 1
letsgo.net/snippetbox/cmd/web/templates.go:57.3,58.17 2 1
letsgo.net/snippetbox/cmd/web/templates.go:62.3,63.17 2 1
letsgo.net/snippetbox/cmd/web/templates.go:66.3,66.19 1 1
letsgo.net/snippetbox/cmd/web/templates.go:53.17,55.4 1 0
letsgo.net/snippetbox/cmd/web/templates.go:58.17,60.4 1 0
letsgo.net/snippetbox/cmd/web/templates.go:63.17,65.4 1 0
